Executing action: all (aliases: build)
Running ninja in directory /Users/spectrasynq/Workspace_Management/Software/PRISM.k1/firmware/build
Executing "ninja all"...
[1/87] Linking C static library esp-idf/wear_levelling/libwear_levelling.a
[2/87] Linking C static library esp-idf/protocomm/libprotocomm.a
[3/87] Building C object esp-idf/fatfs/CMakeFiles/__idf_fatfs.dir/src/ffunicode.c.obj
[4/87] Building C object esp-idf/fatfs/CMakeFiles/__idf_fatfs.dir/diskio/diskio_wl.c.obj
[5/87] Building C object esp-idf/esp_local_ctrl/CMakeFiles/__idf_esp_local_ctrl.dir/proto-c/esp_local_ctrl.pb-c.c.obj
[6/87] Building C object esp-idf/fatfs/CMakeFiles/__idf_fatfs.dir/diskio/diskio_rawflash.c.obj
[7/87] Building C object esp-idf/fatfs/CMakeFiles/__idf_fatfs.dir/diskio/diskio.c.obj
[8/87] Building C object esp-idf/fatfs/CMakeFiles/__idf_fatfs.dir/port/freertos/ffsystem.c.obj
[9/87] Building C object esp-idf/esp_local_ctrl/CMakeFiles/__idf_esp_local_ctrl.dir/src/esp_local_ctrl_transport_httpd.c.obj
[10/87] Building C object esp-idf/esp_local_ctrl/CMakeFiles/__idf_esp_local_ctrl.dir/src/esp_local_ctrl_handler.c.obj
[11/87] Linking C static library esp-idf/json/libjson.a
[12/87] Building C object esp-idf/storage/CMakeFiles/__idf_storage.dir/pattern_storage_crud.c.obj
FAILED: [code=1] esp-idf/storage/CMakeFiles/__idf_storage.dir/pattern_storage_crud.c.obj 
/Users/spectrasynq/.espressif/tools/xtensa-esp-elf/esp-15.1.0_20250607/xtensa-esp-elf/bin/xtensa-esp32s3-elf-gcc -DESP_PLATFORM -DIDF_VER=\"v6.0-dev-2367-g5c5eb99eab\" -DSOC_MMU_PAGE_SIZE=CONFIG_MMU_PAGE_SIZE -DSOC_XTAL_FREQ_MHZ=CONFIG_XTAL_FREQ -D_GLIBCXX_HAVE_POSIX_SEMAPHORE -D_GLIBCXX_USE_POSIX_SEMAPHORE -D_GNU_SOURCE -D_POSIX_READER_WRITER_LOCKS -I/Users/spectrasynq/Workspace_Management/Software/PRISM.k1/firmware/build/config -I/Users/spectrasynq/Workspace_Management/Software/PRISM.k1/firmware/components/storage/include -I/Users/spectrasynq/esp/esp-idf/components/esp_libc/platform_include -I/Users/spectrasynq/esp/esp-idf/components/freertos/config/include -I/Users/spectrasynq/esp/esp-idf/components/freertos/config/include/freertos -I/Users/spectrasynq/esp/esp-idf/components/freertos/config/xtensa/include -I/Users/spectrasynq/esp/esp-idf/components/freertos/FreeRTOS-Kernel/include -I/Users/spectrasynq/esp/esp-idf/components/freertos/FreeRTOS-Kernel/portable/xtensa/include -I/Users/spectrasynq/esp/esp-idf/components/freertos/FreeRTOS-Kernel/portable/xtensa/include/freertos -I/Users/spectrasynq/esp/esp-idf/components/freertos/esp_additions/include -I/Users/spectrasynq/esp/esp-idf/components/esp_hw_support/include -I/Users/spectrasynq/esp/esp-idf/components/esp_hw_support/include/soc -I/Users/spectrasynq/esp/esp-idf/components/esp_hw_support/dma/include -I/Users/spectrasynq/esp/esp-idf/components/esp_hw_support/ldo/include -I/Users/spectrasynq/esp/esp-idf/components/esp_hw_support/debug_probe/include -I/Users/spectrasynq/esp/esp-idf/components/esp_hw_support/etm/include -I/Users/spectrasynq/esp/esp-idf/components/esp_hw_support/mspi_timing_tuning/include -I/Users/spectrasynq/esp/esp-idf/components/esp_hw_support/mspi_timing_tuning/tuning_scheme_impl/include -I/Users/spectrasynq/esp/esp-idf/components/esp_hw_support/power_supply/include -I/Users/spectrasynq/esp/esp-idf/components/esp_hw_support/modem/include -I/Users/spectrasynq/esp/esp-idf/components/esp_hw_support/include/soc/esp32s3 -I/Users/spectrasynq/esp/esp-idf/components/esp_hw_support/port/esp32s3/. -I/Users/spectrasynq/esp/esp-idf/components/esp_hw_support/port/esp32s3/include -I/Users/spectrasynq/esp/esp-idf/components/esp_hw_support/mspi_timing_tuning/port/esp32s3/. -I/Users/spectrasynq/esp/esp-idf/components/esp_hw_support/mspi_timing_tuning/port/esp32s3/include -I/Users/spectrasynq/esp/esp-idf/components/heap/include -I/Users/spectrasynq/esp/esp-idf/components/heap/tlsf -I/Users/spectrasynq/esp/esp-idf/components/log/include -I/Users/spectrasynq/esp/esp-idf/components/soc/include -I/Users/spectrasynq/esp/esp-idf/components/soc/esp32s3 -I/Users/spectrasynq/esp/esp-idf/components/soc/esp32s3/include -I/Users/spectrasynq/esp/esp-idf/components/soc/esp32s3/register -I/Users/spectrasynq/esp/esp-idf/components/hal/platform_port/include -I/Users/spectrasynq/esp/esp-idf/components/hal/esp32s3/include -I/Users/spectrasynq/esp/esp-idf/components/hal/include -I/Users/spectrasynq/esp/esp-idf/components/esp_rom/include -I/Users/spectrasynq/esp/esp-idf/components/esp_rom/esp32s3/include -I/Users/spectrasynq/esp/esp-idf/components/esp_rom/esp32s3/include/esp32s3 -I/Users/spectrasynq/esp/esp-idf/components/esp_rom/esp32s3 -I/Users/spectrasynq/esp/esp-idf/components/esp_common/include -I/Users/spectrasynq/esp/esp-idf/components/esp_system/include -I/Users/spectrasynq/esp/esp-idf/components/esp_system/port/soc -I/Users/spectrasynq/esp/esp-idf/components/esp_system/port/include/private -I/Users/spectrasynq/esp/esp-idf/components/xtensa/esp32s3/include -I/Users/spectrasynq/esp/esp-idf/components/xtensa/include -I/Users/spectrasynq/esp/esp-idf/components/xtensa/deprecated_include -I/Users/spectrasynq/esp/esp-idf/components/lwip/include -I/Users/spectrasynq/esp/esp-idf/components/lwip/include/apps -I/Users/spectrasynq/esp/esp-idf/components/lwip/include/apps/sntp -I/Users/spectrasynq/esp/esp-idf/components/lwip/lwip/src/include -I/Users/spectrasynq/esp/esp-idf/components/lwip/port/include -I/Users/spectrasynq/esp/esp-idf/components/lwip/port/freertos/include -I/Users/spectrasynq/esp/esp-idf/components/lwip/port/esp32xx/include -I/Users/spectrasynq/esp/esp-idf/components/lwip/port/esp32xx/include/arch -I/Users/spectrasynq/esp/esp-idf/components/lwip/port/esp32xx/include/sys -I/Users/spectrasynq/esp/esp-idf/components/esp_partition/include -I/Users/spectrasynq/Workspace_Management/Software/PRISM.k1/firmware/components/core/include -I/Users/spectrasynq/esp/esp-idf/components/esp_timer/include -I/Users/spectrasynq/Workspace_Management/Software/PRISM.k1/firmware/managed_components/joltwallet__littlefs/include -I/Users/spectrasynq/esp/esp-idf/components/sdmmc/include -I/Users/spectrasynq/esp/esp-idf/components/vfs/include -mlongcalls -fno-builtin-memcpy -fno-builtin-memset -fno-builtin-bzero  -fdiagnostics-color=always -ffunction-sections -fdata-sections -Wall -Werror=all -Wno-error=unused-function -Wno-error=unused-variable -Wno-error=unused-but-set-variable -Wno-error=deprecated-declarations -Wextra -Wno-error=extra -Wno-unused-parameter -Wno-sign-compare -Wno-enum-conversion -gdwarf-4 -ggdb -Os -freorder-blocks -mno-target-align -fmacro-prefix-map=/Users/spectrasynq/Workspace_Management/Software/PRISM.k1/firmware=. -fmacro-prefix-map=/Users/spectrasynq/esp/esp-idf=/IDF -fstrict-volatile-bitfields -fno-jump-tables -fno-tree-switch-conversion -O2 -std=gnu23 -Wno-old-style-declaration -fzero-init-padding-bits=all -fno-malloc-dce -MD -MT esp-idf/storage/CMakeFiles/__idf_storage.dir/pattern_storage_crud.c.obj -MF esp-idf/storage/CMakeFiles/__idf_storage.dir/pattern_storage_crud.c.obj.d -o esp-idf/storage/CMakeFiles/__idf_storage.dir/pattern_storage_crud.c.obj -c /Users/spectrasynq/Workspace_Management/Software/PRISM.k1/firmware/components/storage/pattern_storage_crud.c
/Users/spectrasynq/Workspace_Management/Software/PRISM.k1/firmware/components/storage/pattern_storage_crud.c: In function 'template_storage_list':
/Users/spectrasynq/Workspace_Management/Software/PRISM.k1/firmware/components/storage/pattern_storage_crud.c:405:13: error: 'strncpy' specified bound depends on the length of the source argument [-Werror=stringop-truncation]
  405 |             strncpy(template_list[count], entry->d_name, name_len);
      |             ^~~~~~~~~~~~~~~~~~~~~~~~~~~~~~~~~~~~~~~~~~~~~~~~~~~~~~
/Users/spectrasynq/Workspace_Management/Software/PRISM.k1/firmware/components/storage/pattern_storage_crud.c:403:27: note: length computed here
  403 |         size_t name_len = strlen(entry->d_name);
      |                           ^~~~~~~~~~~~~~~~~~~~~
cc1: some warnings being treated as errors
[13/87] Building C object esp-idf/fatfs/CMakeFiles/__idf_fatfs.dir/diskio/diskio_sdmmc.c.obj
[14/87] Building C object esp-idf/esp_local_ctrl/CMakeFiles/__idf_esp_local_ctrl.dir/src/esp_local_ctrl.c.obj
[15/87] Building C object esp-idf/network/CMakeFiles/__idf_network.dir/protocol_parser.c.obj
[16/87] Building C object esp-idf/mqtt/CMakeFiles/__idf_mqtt.dir/esp-mqtt/lib/platform_esp32_idf.c.obj
[17/87] Building C object esp-idf/nvs_sec_provider/CMakeFiles/__idf_nvs_sec_provider.dir/nvs_sec_provider.c.obj
[18/87] Building C object esp-idf/esp_lcd/CMakeFiles/__idf_esp_lcd.dir/i80/esp_lcd_panel_io_i80.c.obj
[19/87] Building C object esp-idf/fatfs/CMakeFiles/__idf_fatfs.dir/vfs/vfs_fat_spiflash.c.obj
[20/87] Building C object esp-idf/network/CMakeFiles/__idf_network.dir/network_manager.c.obj
[21/87] Building C object esp-idf/fatfs/CMakeFiles/__idf_fatfs.dir/vfs/vfs_fat_sdmmc.c.obj
[22/87] Building C object esp-idf/mqtt/CMakeFiles/__idf_mqtt.dir/esp-mqtt/lib/mqtt_outbox.c.obj
[23/87] Building C object esp-idf/mqtt/CMakeFiles/__idf_mqtt.dir/esp-mqtt/lib/mqtt_msg.c.obj
[24/87] Building C object esp-idf/fatfs/CMakeFiles/__idf_fatfs.dir/vfs/vfs_fat.c.obj
[25/87] Building C object esp-idf/esp_lcd/CMakeFiles/__idf_esp_lcd.dir/rgb/esp_lcd_panel_rgb.c.obj
[26/87] Building C object esp-idf/fatfs/CMakeFiles/__idf_fatfs.dir/src/ff.c.obj
[27/87] Building C object esp-idf/mqtt/CMakeFiles/__idf_mqtt.dir/esp-mqtt/mqtt_client.c.obj
ninja: build stopped: subcommand failed.
[0;33mHINT: The error(s) 'stringop-truncation' may appear after IDF upgrade since previous versions were not considering those warnings as errors.
To suppress these warnings use 'idf.py menuconfig' to enable configure option 'Compiler options' -> 'Disable errors for default warnings'
Please note that this is not a permanent solution, and this option will be removed in a future update of the ESP-IDF.
It is strongly recommended to fix all warnings, as they may indicate potential issues![0m
ninja failed with exit code 1, output of the command is in the /Users/spectrasynq/Workspace_Management/Software/PRISM.k1/firmware/build/log/idf_py_stderr_output_41280 and /Users/spectrasynq/Workspace_Management/Software/PRISM.k1/firmware/build/log/idf_py_stdout_output_41280
