Executing action: all (aliases: build)
Running ninja in directory /Users/spectrasynq/Workspace_Management/Software/PRISM.k1/firmware/build
Executing "ninja all"...
[0/1] Re-running CMake...
-- Minimal build - OFF
-- Building ESP-IDF components for target esp32s3
NOTICE: Processing 3 dependencies:
NOTICE: [1/3] espressif/mdns (1.8.2)
NOTICE: [2/3] joltwallet/littlefs (1.20.1)
NOTICE: [3/3] idf (6.0.0)
-- ESP-TEE is currently supported only on the esp32c6;esp32h2;esp32c5 SoCs
-- Project sdkconfig file /Users/spectrasynq/Workspace_Management/Software/PRISM.k1/firmware/sdkconfig
Configuration Report               
 ───────────────────────────────── 
   Parser Version: 1               
   Verbosity: default              
   Defaults policy: sdkconfig      
   Status: Finished successfully   
                                   
 ───────────────────────────────── 
Loading defaults file /Users/spectrasynq/Workspace_Management/Software/PRISM.k1/firmware/sdkconfig.defaults...
/Users/spectrasynq/Workspace_Management/Software/PRISM.k1/firmware/sdkconfig.defaults:17 CONFIG_ESP32_WIFI_STATIC_RX_BUFFER_NUM was replaced with CONFIG_ESP_WIFI_STATIC_RX_BUFFER_NUM 
/Users/spectrasynq/Workspace_Management/Software/PRISM.k1/firmware/sdkconfig.defaults:18 CONFIG_ESP32_WIFI_DYNAMIC_RX_BUFFER_NUM was replaced with CONFIG_ESP_WIFI_DYNAMIC_RX_BUFFER_NUM 
/Users/spectrasynq/Workspace_Management/Software/PRISM.k1/firmware/sdkconfig.defaults:19 CONFIG_ESP32_WIFI_TX_BUFFER_TYPE was replaced with CONFIG_ESP_WIFI_TX_BUFFER_TYPE 
/Users/spectrasynq/Workspace_Management/Software/PRISM.k1/firmware/sdkconfig.defaults:20 CONFIG_ESP32_WIFI_DYNAMIC_TX_BUFFER_NUM was replaced with CONFIG_ESP_WIFI_DYNAMIC_TX_BUFFER_NUM 
/Users/spectrasynq/Workspace_Management/Software/PRISM.k1/firmware/sdkconfig.defaults:21 CONFIG_ESP32_WIFI_AMPDU_TX_ENABLED was replaced with CONFIG_ESP_WIFI_AMPDU_TX_ENABLED 
/Users/spectrasynq/Workspace_Management/Software/PRISM.k1/firmware/sdkconfig.defaults:22 CONFIG_ESP32_WIFI_AMPDU_RX_ENABLED was replaced with CONFIG_ESP_WIFI_AMPDU_RX_ENABLED 
/Users/spectrasynq/Workspace_Management/Software/PRISM.k1/firmware/sdkconfig.defaults:80 CONFIG_ESP_TASK_WDT was replaced with CONFIG_ESP_TASK_WDT_INIT 
warning: unknown kconfig symbol 'ESP_WIFI_AP_SSID' assigned to '"PRISM-SETUP"' in /Users/spectrasynq/Workspace_Management/Software/PRISM.k1/firmware/sdkconfig.defaults
warning: unknown kconfig symbol 'ESP_WIFI_AP_PASSWORD' assigned to '""' in /Users/spectrasynq/Workspace_Management/Software/PRISM.k1/firmware/sdkconfig.defaults
warning: unknown kconfig symbol 'WS2812_LED_RMT_CHANNEL' assigned to '0' in /Users/spectrasynq/Workspace_Management/Software/PRISM.k1/firmware/sdkconfig.defaults
warning: unknown kconfig symbol 'WS2812_LED_RMT_INTERRUPT_NUM' assigned to '19' in /Users/spectrasynq/Workspace_Management/Software/PRISM.k1/firmware/sdkconfig.defaults
-- Compiler supported targets: xtensa-esp-elf
-- App "prism-k1" version: 1.0.0
-- USING O3
-- Adding linker script /Users/spectrasynq/Workspace_Management/Software/PRISM.k1/firmware/build/esp-idf/esp_system/ld/memory.ld
-- Adding linker script /Users/spectrasynq/Workspace_Management/Software/PRISM.k1/firmware/build/esp-idf/esp_system/ld/sections.ld.in
-- Adding linker script /Users/spectrasynq/esp/esp-idf/components/esp_rom/esp32s3/ld/esp32s3.rom.ld
-- Adding linker script /Users/spectrasynq/esp/esp-idf/components/esp_rom/esp32s3/ld/esp32s3.rom.api.ld
-- Adding linker script /Users/spectrasynq/esp/esp-idf/components/esp_rom/esp32s3/ld/esp32s3.rom.bt_funcs.ld
-- Adding linker script /Users/spectrasynq/esp/esp-idf/components/esp_rom/esp32s3/ld/esp32s3.rom.libgcc.ld
-- Adding linker script /Users/spectrasynq/esp/esp-idf/components/esp_rom/esp32s3/ld/esp32s3.rom.wdt.ld
-- Adding linker script /Users/spectrasynq/esp/esp-idf/components/esp_rom/esp32s3/ld/esp32s3.rom.version.ld
-- Adding linker script /Users/spectrasynq/esp/esp-idf/components/esp_rom/esp32s3/ld/esp32s3.rom.ble_master.ld
-- Adding linker script /Users/spectrasynq/esp/esp-idf/components/esp_rom/esp32s3/ld/esp32s3.rom.ble_50.ld
-- Adding linker script /Users/spectrasynq/esp/esp-idf/components/esp_rom/esp32s3/ld/esp32s3.rom.ble_smp.ld
-- Adding linker script /Users/spectrasynq/esp/esp-idf/components/esp_rom/esp32s3/ld/esp32s3.rom.ble_dtm.ld
-- Adding linker script /Users/spectrasynq/esp/esp-idf/components/esp_rom/esp32s3/ld/esp32s3.rom.ble_test.ld
-- Adding linker script /Users/spectrasynq/esp/esp-idf/components/esp_rom/esp32s3/ld/esp32s3.rom.ble_scan.ld
-- Adding linker script /Users/spectrasynq/esp/esp-idf/components/esp_rom/esp32s3/ld/esp32s3.rom.libc.ld
-- Adding linker script /Users/spectrasynq/esp/esp-idf/components/esp_rom/esp32s3/ld/esp32s3.rom.newlib.ld
-- Adding linker script /Users/spectrasynq/esp/esp-idf/components/soc/esp32s3/ld/esp32s3.peripherals.ld
-- Components: app_trace app_update bootloader bootloader_support bt cmock console core cxx driver efuse esp-tls esp_adc esp_app_format esp_blockdev esp_bootloader_format esp_coex esp_common esp_driver_ana_cmpr esp_driver_bitscrambler esp_driver_cam esp_driver_dac esp_driver_gpio esp_driver_gptimer esp_driver_i2c esp_driver_i2s esp_driver_i3c esp_driver_isp esp_driver_jpeg esp_driver_ledc esp_driver_mcpwm esp_driver_parlio esp_driver_pcnt esp_driver_ppa esp_driver_rmt esp_driver_sd_intf esp_driver_sdio esp_driver_sdm esp_driver_sdmmc esp_driver_sdspi esp_driver_spi esp_driver_touch_sens esp_driver_tsens esp_driver_twai esp_driver_uart esp_driver_usb_serial_jtag esp_eth esp_event esp_gdbstub esp_hal_i2c esp_hid esp_http_client esp_http_server esp_https_ota esp_https_server esp_hw_support esp_lcd esp_libc esp_local_ctrl esp_mm esp_netif esp_netif_stack esp_partition esp_phy esp_pm esp_psram esp_ringbuf esp_rom esp_security esp_system esp_timer esp_usb_cdc_rom_console esp_vfs_console esp_wifi espcoredump espressif__mdns esptool_py fatfs freertos hal heap http_parser idf_test ieee802154 joltwallet__littlefs json log lwip main mbedtls mqtt network nvs_flash nvs_sec_provider openthread partition_table perfmon playback protobuf-c protocomm pthread rt sdmmc soc spi_flash spiffs storage tcp_transport templates tests ulp unity usb vfs wear_levelling wifi_provisioning wpa_supplicant xtensa
-- Component paths: /Users/spectrasynq/esp/esp-idf/components/app_trace /Users/spectrasynq/esp/esp-idf/components/app_update /Users/spectrasynq/esp/esp-idf/components/bootloader /Users/spectrasynq/esp/esp-idf/components/bootloader_support /Users/spectrasynq/esp/esp-idf/components/bt /Users/spectrasynq/esp/esp-idf/components/cmock /Users/spectrasynq/esp/esp-idf/components/console /Users/spectrasynq/Workspace_Management/Software/PRISM.k1/firmware/components/core /Users/spectrasynq/esp/esp-idf/components/cxx /Users/spectrasynq/esp/esp-idf/components/driver /Users/spectrasynq/esp/esp-idf/components/efuse /Users/spectrasynq/esp/esp-idf/components/esp-tls /Users/spectrasynq/esp/esp-idf/components/esp_adc /Users/spectrasynq/esp/esp-idf/components/esp_app_format /Users/spectrasynq/esp/esp-idf/components/esp_blockdev /Users/spectrasynq/esp/esp-idf/components/esp_bootloader_format /Users/spectrasynq/esp/esp-idf/components/esp_coex /Users/spectrasynq/esp/esp-idf/components/esp_common /Users/spectrasynq/esp/esp-idf/components/esp_driver_ana_cmpr /Users/spectrasynq/esp/esp-idf/components/esp_driver_bitscrambler /Users/spectrasynq/esp/esp-idf/components/esp_driver_cam /Users/spectrasynq/esp/esp-idf/components/esp_driver_dac /Users/spectrasynq/esp/esp-idf/components/esp_driver_gpio /Users/spectrasynq/esp/esp-idf/components/esp_driver_gptimer /Users/spectrasynq/esp/esp-idf/components/esp_driver_i2c /Users/spectrasynq/esp/esp-idf/components/esp_driver_i2s /Users/spectrasynq/esp/esp-idf/components/esp_driver_i3c /Users/spectrasynq/esp/esp-idf/components/esp_driver_isp /Users/spectrasynq/esp/esp-idf/components/esp_driver_jpeg /Users/spectrasynq/esp/esp-idf/components/esp_driver_ledc /Users/spectrasynq/esp/esp-idf/components/esp_driver_mcpwm /Users/spectrasynq/esp/esp-idf/components/esp_driver_parlio /Users/spectrasynq/esp/esp-idf/components/esp_driver_pcnt /Users/spectrasynq/esp/esp-idf/components/esp_driver_ppa /Users/spectrasynq/esp/esp-idf/components/esp_driver_rmt /Users/spectrasynq/esp/esp-idf/components/esp_driver_sd_intf /Users/spectrasynq/esp/esp-idf/components/esp_driver_sdio /Users/spectrasynq/esp/esp-idf/components/esp_driver_sdm /Users/spectrasynq/esp/esp-idf/components/esp_driver_sdmmc /Users/spectrasynq/esp/esp-idf/components/esp_driver_sdspi /Users/spectrasynq/esp/esp-idf/components/esp_driver_spi /Users/spectrasynq/esp/esp-idf/components/esp_driver_touch_sens /Users/spectrasynq/esp/esp-idf/components/esp_driver_tsens /Users/spectrasynq/esp/esp-idf/components/esp_driver_twai /Users/spectrasynq/esp/esp-idf/components/esp_driver_uart /Users/spectrasynq/esp/esp-idf/components/esp_driver_usb_serial_jtag /Users/spectrasynq/esp/esp-idf/components/esp_eth /Users/spectrasynq/esp/esp-idf/components/esp_event /Users/spectrasynq/esp/esp-idf/components/esp_gdbstub /Users/spectrasynq/esp/esp-idf/components/esp_hal_i2c /Users/spectrasynq/esp/esp-idf/components/esp_hid /Users/spectrasynq/esp/esp-idf/components/esp_http_client /Users/spectrasynq/esp/esp-idf/components/esp_http_server /Users/spectrasynq/esp/esp-idf/components/esp_https_ota /Users/spectrasynq/esp/esp-idf/components/esp_https_server /Users/spectrasynq/esp/esp-idf/components/esp_hw_support /Users/spectrasynq/esp/esp-idf/components/esp_lcd /Users/spectrasynq/esp/esp-idf/components/esp_libc /Users/spectrasynq/esp/esp-idf/components/esp_local_ctrl /Users/spectrasynq/esp/esp-idf/components/esp_mm /Users/spectrasynq/esp/esp-idf/components/esp_netif /Users/spectrasynq/esp/esp-idf/components/esp_netif_stack /Users/spectrasynq/esp/esp-idf/components/esp_partition /Users/spectrasynq/esp/esp-idf/components/esp_phy /Users/spectrasynq/esp/esp-idf/components/esp_pm /Users/spectrasynq/esp/esp-idf/components/esp_psram /Users/spectrasynq/esp/esp-idf/components/esp_ringbuf /Users/spectrasynq/esp/esp-idf/components/esp_rom /Users/spectrasynq/esp/esp-idf/components/esp_security /Users/spectrasynq/esp/esp-idf/components/esp_system /Users/spectrasynq/esp/esp-idf/components/esp_timer /Users/spectrasynq/esp/esp-idf/components/esp_usb_cdc_rom_console /Users/spectrasynq/esp/esp-idf/components/esp_vfs_console /Users/spectrasynq/esp/esp-idf/components/esp_wifi /Users/spectrasynq/esp/esp-idf/components/espcoredump /Users/spectrasynq/Workspace_Management/Software/PRISM.k1/firmware/managed_components/espressif__mdns /Users/spectrasynq/esp/esp-idf/components/esptool_py /Users/spectrasynq/esp/esp-idf/components/fatfs /Users/spectrasynq/esp/esp-idf/components/freertos /Users/spectrasynq/esp/esp-idf/components/hal /Users/spectrasynq/esp/esp-idf/components/heap /Users/spectrasynq/esp/esp-idf/components/http_parser /Users/spectrasynq/esp/esp-idf/components/idf_test /Users/spectrasynq/esp/esp-idf/components/ieee802154 /Users/spectrasynq/Workspace_Management/Software/PRISM.k1/firmware/managed_components/joltwallet__littlefs /Users/spectrasynq/esp/esp-idf/components/json /Users/spectrasynq/esp/esp-idf/components/log /Users/spectrasynq/esp/esp-idf/components/lwip /Users/spectrasynq/Workspace_Management/Software/PRISM.k1/firmware/main /Users/spectrasynq/esp/esp-idf/components/mbedtls /Users/spectrasynq/esp/esp-idf/components/mqtt /Users/spectrasynq/Workspace_Management/Software/PRISM.k1/firmware/components/network /Users/spectrasynq/esp/esp-idf/components/nvs_flash /Users/spectrasynq/esp/esp-idf/components/nvs_sec_provider /Users/spectrasynq/esp/esp-idf/components/openthread /Users/spectrasynq/esp/esp-idf/components/partition_table /Users/spectrasynq/esp/esp-idf/components/perfmon /Users/spectrasynq/Workspace_Management/Software/PRISM.k1/firmware/components/playback /Users/spectrasynq/esp/esp-idf/components/protobuf-c /Users/spectrasynq/esp/esp-idf/components/protocomm /Users/spectrasynq/esp/esp-idf/components/pthread /Users/spectrasynq/esp/esp-idf/components/rt /Users/spectrasynq/esp/esp-idf/components/sdmmc /Users/spectrasynq/esp/esp-idf/components/soc /Users/spectrasynq/esp/esp-idf/components/spi_flash /Users/spectrasynq/esp/esp-idf/components/spiffs /Users/spectrasynq/Workspace_Management/Software/PRISM.k1/firmware/components/storage /Users/spectrasynq/esp/esp-idf/components/tcp_transport /Users/spectrasynq/Workspace_Management/Software/PRISM.k1/firmware/components/templates /Users/spectrasynq/Workspace_Management/Software/PRISM.k1/firmware/components/tests /Users/spectrasynq/esp/esp-idf/components/ulp /Users/spectrasynq/esp/esp-idf/components/unity /Users/spectrasynq/esp/esp-idf/components/usb /Users/spectrasynq/esp/esp-idf/components/vfs /Users/spectrasynq/esp/esp-idf/components/wear_levelling /Users/spectrasynq/esp/esp-idf/components/wifi_provisioning /Users/spectrasynq/esp/esp-idf/components/wpa_supplicant /Users/spectrasynq/esp/esp-idf/components/xtensa
-- Configuring done (2.9s)
-- Generating done (0.4s)
-- Build files have been written to: /Users/spectrasynq/Workspace_Management/Software/PRISM.k1/firmware/build
[1/22] Building C object esp-idf/playback/CMakeFiles/__idf_playback.dir/prism_temporal.c.obj
FAILED: [code=1] esp-idf/playback/CMakeFiles/__idf_playback.dir/prism_temporal.c.obj 
/Users/spectrasynq/.espressif/tools/xtensa-esp-elf/esp-15.1.0_20250607/xtensa-esp-elf/bin/xtensa-esp32s3-elf-gcc -DESP_PLATFORM -DIDF_VER=\"v6.0-dev-2367-g5c5eb99eab\" -DSOC_MMU_PAGE_SIZE=CONFIG_MMU_PAGE_SIZE -DSOC_XTAL_FREQ_MHZ=CONFIG_XTAL_FREQ -D_GLIBCXX_HAVE_POSIX_SEMAPHORE -D_GLIBCXX_USE_POSIX_SEMAPHORE -D_GNU_SOURCE -D_POSIX_READER_WRITER_LOCKS -I/Users/spectrasynq/Workspace_Management/Software/PRISM.k1/firmware/build/config -I/Users/spectrasynq/Workspace_Management/Software/PRISM.k1/firmware/components/playback/include -I/Users/spectrasynq/esp/esp-idf/components/esp_libc/platform_include -I/Users/spectrasynq/esp/esp-idf/components/freertos/config/include -I/Users/spectrasynq/esp/esp-idf/components/freertos/config/include/freertos -I/Users/spectrasynq/esp/esp-idf/components/freertos/config/xtensa/include -I/Users/spectrasynq/esp/esp-idf/components/freertos/FreeRTOS-Kernel/include -I/Users/spectrasynq/esp/esp-idf/components/freertos/FreeRTOS-Kernel/portable/xtensa/include -I/Users/spectrasynq/esp/esp-idf/components/freertos/FreeRTOS-Kernel/portable/xtensa/include/freertos -I/Users/spectrasynq/esp/esp-idf/components/freertos/esp_additions/include -I/Users/spectrasynq/esp/esp-idf/components/esp_hw_support/include -I/Users/spectrasynq/esp/esp-idf/components/esp_hw_support/include/soc -I/Users/spectrasynq/esp/esp-idf/components/esp_hw_support/dma/include -I/Users/spectrasynq/esp/esp-idf/components/esp_hw_support/ldo/include -I/Users/spectrasynq/esp/esp-idf/components/esp_hw_support/debug_probe/include -I/Users/spectrasynq/esp/esp-idf/components/esp_hw_support/etm/include -I/Users/spectrasynq/esp/esp-idf/components/esp_hw_support/mspi_timing_tuning/include -I/Users/spectrasynq/esp/esp-idf/components/esp_hw_support/mspi_timing_tuning/tuning_scheme_impl/include -I/Users/spectrasynq/esp/esp-idf/components/esp_hw_support/power_supply/include -I/Users/spectrasynq/esp/esp-idf/components/esp_hw_support/modem/include -I/Users/spectrasynq/esp/esp-idf/components/esp_hw_support/include/soc/esp32s3 -I/Users/spectrasynq/esp/esp-idf/components/esp_hw_support/port/esp32s3/. -I/Users/spectrasynq/esp/esp-idf/components/esp_hw_support/port/esp32s3/include -I/Users/spectrasynq/esp/esp-idf/components/esp_hw_support/mspi_timing_tuning/port/esp32s3/. -I/Users/spectrasynq/esp/esp-idf/components/esp_hw_support/mspi_timing_tuning/port/esp32s3/include -I/Users/spectrasynq/esp/esp-idf/components/heap/include -I/Users/spectrasynq/esp/esp-idf/components/heap/tlsf -I/Users/spectrasynq/esp/esp-idf/components/log/include -I/Users/spectrasynq/esp/esp-idf/components/soc/include -I/Users/spectrasynq/esp/esp-idf/components/soc/esp32s3 -I/Users/spectrasynq/esp/esp-idf/components/soc/esp32s3/include -I/Users/spectrasynq/esp/esp-idf/components/soc/esp32s3/register -I/Users/spectrasynq/esp/esp-idf/components/hal/platform_port/include -I/Users/spectrasynq/esp/esp-idf/components/hal/esp32s3/include -I/Users/spectrasynq/esp/esp-idf/components/hal/include -I/Users/spectrasynq/esp/esp-idf/components/esp_rom/include -I/Users/spectrasynq/esp/esp-idf/components/esp_rom/esp32s3/include -I/Users/spectrasynq/esp/esp-idf/components/esp_rom/esp32s3/include/esp32s3 -I/Users/spectrasynq/esp/esp-idf/components/esp_rom/esp32s3 -I/Users/spectrasynq/esp/esp-idf/components/esp_common/include -I/Users/spectrasynq/esp/esp-idf/components/esp_system/include -I/Users/spectrasynq/esp/esp-idf/components/esp_system/port/soc -I/Users/spectrasynq/esp/esp-idf/components/esp_system/port/include/private -I/Users/spectrasynq/esp/esp-idf/components/xtensa/esp32s3/include -I/Users/spectrasynq/esp/esp-idf/components/xtensa/include -I/Users/spectrasynq/esp/esp-idf/components/xtensa/deprecated_include -I/Users/spectrasynq/esp/esp-idf/components/lwip/include -I/Users/spectrasynq/esp/esp-idf/components/lwip/include/apps -I/Users/spectrasynq/esp/esp-idf/components/lwip/include/apps/sntp -I/Users/spectrasynq/esp/esp-idf/components/lwip/lwip/src/include -I/Users/spectrasynq/esp/esp-idf/components/lwip/port/include -I/Users/spectrasynq/esp/esp-idf/components/lwip/port/freertos/include -I/Users/spectrasynq/esp/esp-idf/components/lwip/port/esp32xx/include -I/Users/spectrasynq/esp/esp-idf/components/lwip/port/esp32xx/include/arch -I/Users/spectrasynq/esp/esp-idf/components/lwip/port/esp32xx/include/sys -I/Users/spectrasynq/esp/esp-idf/components/driver/deprecated -I/Users/spectrasynq/esp/esp-idf/components/driver/i2c/include -I/Users/spectrasynq/esp/esp-idf/components/driver/touch_sensor/include -I/Users/spectrasynq/esp/esp-idf/components/driver/twai/include -I/Users/spectrasynq/esp/esp-idf/components/driver/touch_sensor/esp32s3/include -I/Users/spectrasynq/esp/esp-idf/components/esp_pm/include -I/Users/spectrasynq/esp/esp-idf/components/esp_ringbuf/include -I/Users/spectrasynq/esp/esp-idf/components/esp_driver_gpio/include -I/Users/spectrasynq/esp/esp-idf/components/esp_driver_pcnt/include -I/Users/spectrasynq/esp/esp-idf/components/esp_driver_gptimer/include -I/Users/spectrasynq/esp/esp-idf/components/esp_driver_spi/include -I/Users/spectrasynq/esp/esp-idf/components/esp_driver_mcpwm/include -I/Users/spectrasynq/esp/esp-idf/components/esp_driver_ana_cmpr/include -I/Users/spectrasynq/esp/esp-idf/components/esp_driver_i2s/include -I/Users/spectrasynq/esp/esp-idf/components/esp_driver_sdmmc/include -I/Users/spectrasynq/esp/esp-idf/components/esp_driver_sdmmc/legacy/include -I/Users/spectrasynq/esp/esp-idf/components/esp_driver_sd_intf/include -I/Users/spectrasynq/esp/esp-idf/components/sdmmc/include -I/Users/spectrasynq/esp/esp-idf/components/esp_driver_sdspi/include -I/Users/spectrasynq/esp/esp-idf/components/esp_driver_sdio/include -I/Users/spectrasynq/esp/esp-idf/components/esp_driver_dac/include -I/Users/spectrasynq/esp/esp-idf/components/esp_driver_rmt/include -I/Users/spectrasynq/esp/esp-idf/components/esp_driver_tsens/include -I/Users/spectrasynq/esp/esp-idf/components/esp_driver_sdm/include -I/Users/spectrasynq/esp/esp-idf/components/esp_driver_i2c/include -I/Users/spectrasynq/esp/esp-idf/components/esp_hal_i2c/esp32s3/include -I/Users/spectrasynq/esp/esp-idf/components/esp_hal_i2c/include -I/Users/spectrasynq/esp/esp-idf/components/esp_driver_uart/include -I/Users/spectrasynq/esp/esp-idf/components/vfs/include -I/Users/spectrasynq/esp/esp-idf/components/esp_driver_ledc/include -I/Users/spectrasynq/esp/esp-idf/components/esp_driver_parlio/include -I/Users/spectrasynq/esp/esp-idf/components/esp_driver_usb_serial_jtag/include -I/Users/spectrasynq/esp/esp-idf/components/esp_driver_twai/include -I/Users/spectrasynq/esp/esp-idf/components/esp_timer/include -I/Users/spectrasynq/Workspace_Management/Software/PRISM.k1/firmware/components/core/include -mlongcalls -fno-builtin-memcpy -fno-builtin-memset -fno-builtin-bzero  -fdiagnostics-color=always -ffunction-sections -fdata-sections -Wall -Werror=all -Wno-error=unused-function -Wno-error=unused-variable -Wno-error=unused-but-set-variable -Wno-error=deprecated-declarations -Wextra -Wno-error=extra -Wno-unused-parameter -Wno-sign-compare -Wno-enum-conversion -gdwarf-4 -ggdb -Os -freorder-blocks -mno-target-align -fmacro-prefix-map=/Users/spectrasynq/Workspace_Management/Software/PRISM.k1/firmware=. -fmacro-prefix-map=/Users/spectrasynq/esp/esp-idf=/IDF -fstrict-volatile-bitfields -fno-jump-tables -fno-tree-switch-conversion -O2 -std=gnu23 -Wno-old-style-declaration -fzero-init-padding-bits=all -fno-malloc-dce -MD -MT esp-idf/playback/CMakeFiles/__idf_playback.dir/prism_temporal.c.obj -MF esp-idf/playback/CMakeFiles/__idf_playback.dir/prism_temporal.c.obj.d -o esp-idf/playback/CMakeFiles/__idf_playback.dir/prism_temporal.c.obj -c /Users/spectrasynq/Workspace_Management/Software/PRISM.k1/firmware/components/playback/prism_temporal.c
In file included from /Users/spectrasynq/Workspace_Management/Software/PRISM.k1/firmware/components/playback/prism_temporal.c:6:
/Users/spectrasynq/Workspace_Management/Software/PRISM.k1/firmware/components/playback/include/prism_temporal.h:11:10: fatal error: pattern_metadata.h: No such file or directory
   11 | #include "pattern_metadata.h"  // prism_motion_t
      |          ^~~~~~~~~~~~~~~~~~~~
compilation terminated.
[2/22] Building C object esp-idf/playback/CMakeFiles/__idf_playback.dir/prism_wave_tables.c.obj
[3/22] Building C object esp-idf/tests/CMakeFiles/__idf_tests.dir/test_prism_parser.c.obj
FAILED: [code=1] esp-idf/tests/CMakeFiles/__idf_tests.dir/test_prism_parser.c.obj 
/Users/spectrasynq/.espressif/tools/xtensa-esp-elf/esp-15.1.0_20250607/xtensa-esp-elf/bin/xtensa-esp32s3-elf-gcc -DESP_MDNS_VERSION_NUMBER=\"1.8.2\" -DESP_PLATFORM -DIDF_VER=\"v6.0-dev-2367-g5c5eb99eab\" -DSOC_MMU_PAGE_SIZE=CONFIG_MMU_PAGE_SIZE -DSOC_XTAL_FREQ_MHZ=CONFIG_XTAL_FREQ -DUNITY_INCLUDE_CONFIG_H -D_GLIBCXX_HAVE_POSIX_SEMAPHORE -D_GLIBCXX_USE_POSIX_SEMAPHORE -D_GNU_SOURCE -D_POSIX_READER_WRITER_LOCKS -I/Users/spectrasynq/Workspace_Management/Software/PRISM.k1/firmware/build/config -I/Users/spectrasynq/Workspace_Management/Software/PRISM.k1/firmware/components/tests -I/Users/spectrasynq/esp/esp-idf/components/esp_libc/platform_include -I/Users/spectrasynq/esp/esp-idf/components/freertos/config/include -I/Users/spectrasynq/esp/esp-idf/components/freertos/config/include/freertos -I/Users/spectrasynq/esp/esp-idf/components/freertos/config/xtensa/include -I/Users/spectrasynq/esp/esp-idf/components/freertos/FreeRTOS-Kernel/include -I/Users/spectrasynq/esp/esp-idf/components/freertos/FreeRTOS-Kernel/portable/xtensa/include -I/Users/spectrasynq/esp/esp-idf/components/freertos/FreeRTOS-Kernel/portable/xtensa/include/freertos -I/Users/spectrasynq/esp/esp-idf/components/freertos/esp_additions/include -I/Users/spectrasynq/esp/esp-idf/components/esp_hw_support/include -I/Users/spectrasynq/esp/esp-idf/components/esp_hw_support/include/soc -I/Users/spectrasynq/esp/esp-idf/components/esp_hw_support/dma/include -I/Users/spectrasynq/esp/esp-idf/components/esp_hw_support/ldo/include -I/Users/spectrasynq/esp/esp-idf/components/esp_hw_support/debug_probe/include -I/Users/spectrasynq/esp/esp-idf/components/esp_hw_support/etm/include -I/Users/spectrasynq/esp/esp-idf/components/esp_hw_support/mspi_timing_tuning/include -I/Users/spectrasynq/esp/esp-idf/components/esp_hw_support/mspi_timing_tuning/tuning_scheme_impl/include -I/Users/spectrasynq/esp/esp-idf/components/esp_hw_support/power_supply/include -I/Users/spectrasynq/esp/esp-idf/components/esp_hw_support/modem/include -I/Users/spectrasynq/esp/esp-idf/components/esp_hw_support/include/soc/esp32s3 -I/Users/spectrasynq/esp/esp-idf/components/esp_hw_support/port/esp32s3/. -I/Users/spectrasynq/esp/esp-idf/components/esp_hw_support/port/esp32s3/include -I/Users/spectrasynq/esp/esp-idf/components/esp_hw_support/mspi_timing_tuning/port/esp32s3/. -I/Users/spectrasynq/esp/esp-idf/components/esp_hw_support/mspi_timing_tuning/port/esp32s3/include -I/Users/spectrasynq/esp/esp-idf/components/heap/include -I/Users/spectrasynq/esp/esp-idf/components/heap/tlsf -I/Users/spectrasynq/esp/esp-idf/components/log/include -I/Users/spectrasynq/esp/esp-idf/components/soc/include -I/Users/spectrasynq/esp/esp-idf/components/soc/esp32s3 -I/Users/spectrasynq/esp/esp-idf/components/soc/esp32s3/include -I/Users/spectrasynq/esp/esp-idf/components/soc/esp32s3/register -I/Users/spectrasynq/esp/esp-idf/components/hal/platform_port/include -I/Users/spectrasynq/esp/esp-idf/components/hal/esp32s3/include -I/Users/spectrasynq/esp/esp-idf/components/hal/include -I/Users/spectrasynq/esp/esp-idf/components/esp_rom/include -I/Users/spectrasynq/esp/esp-idf/components/esp_rom/esp32s3/include -I/Users/spectrasynq/esp/esp-idf/components/esp_rom/esp32s3/include/esp32s3 -I/Users/spectrasynq/esp/esp-idf/components/esp_rom/esp32s3 -I/Users/spectrasynq/esp/esp-idf/components/esp_common/include -I/Users/spectrasynq/esp/esp-idf/components/esp_system/include -I/Users/spectrasynq/esp/esp-idf/components/esp_system/port/soc -I/Users/spectrasynq/esp/esp-idf/components/esp_system/port/include/private -I/Users/spectrasynq/esp/esp-idf/components/xtensa/esp32s3/include -I/Users/spectrasynq/esp/esp-idf/components/xtensa/include -I/Users/spectrasynq/esp/esp-idf/components/xtensa/deprecated_include -I/Users/spectrasynq/esp/esp-idf/components/lwip/include -I/Users/spectrasynq/esp/esp-idf/components/lwip/include/apps -I/Users/spectrasynq/esp/esp-idf/components/lwip/include/apps/sntp -I/Users/spectrasynq/esp/esp-idf/components/lwip/lwip/src/include -I/Users/spectrasynq/esp/esp-idf/components/lwip/port/include -I/Users/spectrasynq/esp/esp-idf/components/lwip/port/freertos/include -I/Users/spectrasynq/esp/esp-idf/components/lwip/port/esp32xx/include -I/Users/spectrasynq/esp/esp-idf/components/lwip/port/esp32xx/include/arch -I/Users/spectrasynq/esp/esp-idf/components/lwip/port/esp32xx/include/sys -I/Users/spectrasynq/esp/esp-idf/components/unity/include -I/Users/spectrasynq/esp/esp-idf/components/unity/unity/src -I/Users/spectrasynq/Workspace_Management/Software/PRISM.k1/firmware/components/network/include -I/Users/spectrasynq/esp/esp-idf/components/esp_wifi/include -I/Users/spectrasynq/esp/esp-idf/components/esp_wifi/include/local -I/Users/spectrasynq/esp/esp-idf/components/esp_wifi/wifi_apps/include -I/Users/spectrasynq/esp/esp-idf/components/esp_wifi/wifi_apps/nan_app/include -I/Users/spectrasynq/esp/esp-idf/components/esp_event/include -I/Users/spectrasynq/esp/esp-idf/components/esp_phy/include -I/Users/spectrasynq/esp/esp-idf/components/esp_phy/esp32s3/include -I/Users/spectrasynq/esp/esp-idf/components/esp_netif/include -I/Users/spectrasynq/esp/esp-idf/components/nvs_flash/include -I/Users/spectrasynq/esp/esp-idf/components/esp_partition/include -I/Users/spectrasynq/esp/esp-idf/components/esp_http_server/include -I/Users/spectrasynq/esp/esp-idf/components/http_parser -I/Users/spectrasynq/Workspace_Management/Software/PRISM.k1/firmware/managed_components/espressif__mdns/include -I/Users/spectrasynq/esp/esp-idf/components/console -I/Users/spectrasynq/esp/esp-idf/components/vfs/include -I/Users/spectrasynq/esp/esp-idf/components/esp_vfs_console/include -I/Users/spectrasynq/Workspace_Management/Software/PRISM.k1/firmware/components/core/include -I/Users/spectrasynq/esp/esp-idf/components/esp_timer/include -I/Users/spectrasynq/Workspace_Management/Software/PRISM.k1/firmware/components/playback/include -I/Users/spectrasynq/esp/esp-idf/components/driver/deprecated -I/Users/spectrasynq/esp/esp-idf/components/driver/i2c/include -I/Users/spectrasynq/esp/esp-idf/components/driver/touch_sensor/include -I/Users/spectrasynq/esp/esp-idf/components/driver/twai/include -I/Users/spectrasynq/esp/esp-idf/components/driver/touch_sensor/esp32s3/include -I/Users/spectrasynq/esp/esp-idf/components/esp_pm/include -I/Users/spectrasynq/esp/esp-idf/components/esp_ringbuf/include -I/Users/spectrasynq/esp/esp-idf/components/esp_driver_gpio/include -I/Users/spectrasynq/esp/esp-idf/components/esp_driver_pcnt/include -I/Users/spectrasynq/esp/esp-idf/components/esp_driver_gptimer/include -I/Users/spectrasynq/esp/esp-idf/components/esp_driver_spi/include -I/Users/spectrasynq/esp/esp-idf/components/esp_driver_mcpwm/include -I/Users/spectrasynq/esp/esp-idf/components/esp_driver_ana_cmpr/include -I/Users/spectrasynq/esp/esp-idf/components/esp_driver_i2s/include -I/Users/spectrasynq/esp/esp-idf/components/esp_driver_sdmmc/include -I/Users/spectrasynq/esp/esp-idf/components/esp_driver_sdmmc/legacy/include -I/Users/spectrasynq/esp/esp-idf/components/esp_driver_sd_intf/include -I/Users/spectrasynq/esp/esp-idf/components/sdmmc/include -I/Users/spectrasynq/esp/esp-idf/components/esp_driver_sdspi/include -I/Users/spectrasynq/esp/esp-idf/components/esp_driver_sdio/include -I/Users/spectrasynq/esp/esp-idf/components/esp_driver_dac/include -I/Users/spectrasynq/esp/esp-idf/components/esp_driver_rmt/include -I/Users/spectrasynq/esp/esp-idf/components/esp_driver_tsens/include -I/Users/spectrasynq/esp/esp-idf/components/esp_driver_sdm/include -I/Users/spectrasynq/esp/esp-idf/components/esp_driver_i2c/include -I/Users/spectrasynq/esp/esp-idf/components/esp_hal_i2c/esp32s3/include -I/Users/spectrasynq/esp/esp-idf/components/esp_hal_i2c/include -I/Users/spectrasynq/esp/esp-idf/components/esp_driver_uart/include -I/Users/spectrasynq/esp/esp-idf/components/esp_driver_ledc/include -I/Users/spectrasynq/esp/esp-idf/components/esp_driver_parlio/include -I/Users/spectrasynq/esp/esp-idf/components/esp_driver_usb_serial_jtag/include -I/Users/spectrasynq/esp/esp-idf/components/esp_driver_twai/include -I/Users/spectrasynq/Workspace_Management/Software/PRISM.k1/firmware/components/templates/include -I/Users/spectrasynq/Workspace_Management/Software/PRISM.k1/firmware/components/storage/include -mlongcalls -fno-builtin-memcpy -fno-builtin-memset -fno-builtin-bzero  -fdiagnostics-color=always -ffunction-sections -fdata-sections -Wall -Werror=all -Wno-error=unused-function -Wno-error=unused-variable -Wno-error=unused-but-set-variable -Wno-error=deprecated-declarations -Wextra -Wno-error=extra -Wno-unused-parameter -Wno-sign-compare -Wno-enum-conversion -gdwarf-4 -ggdb -Os -freorder-blocks -mno-target-align -fmacro-prefix-map=/Users/spectrasynq/Workspace_Management/Software/PRISM.k1/firmware=. -fmacro-prefix-map=/Users/spectrasynq/esp/esp-idf=/IDF -fstrict-volatile-bitfields -fno-jump-tables -fno-tree-switch-conversion -O2 -std=gnu23 -Wno-old-style-declaration -fzero-init-padding-bits=all -fno-malloc-dce -MD -MT esp-idf/tests/CMakeFiles/__idf_tests.dir/test_prism_parser.c.obj -MF esp-idf/tests/CMakeFiles/__idf_tests.dir/test_prism_parser.c.obj.d -o esp-idf/tests/CMakeFiles/__idf_tests.dir/test_prism_parser.c.obj -c /Users/spectrasynq/Workspace_Management/Software/PRISM.k1/firmware/components/tests/test_prism_parser.c
/Users/spectrasynq/Workspace_Management/Software/PRISM.k1/firmware/components/tests/test_prism_parser.c: In function 'test_func_28':
/Users/spectrasynq/Workspace_Management/Software/PRISM.k1/firmware/components/tests/test_prism_parser.c:37:14: error: 'prism_pattern_meta_v11_t' has no member named 'param0'; did you mean 'params'?
   37 |     v11.meta.param0 = 150; // example parameter
      |              ^~~~~~
      |              params
[4/22] Building C object esp-idf/tests/CMakeFiles/__idf_tests.dir/test_wave_tables.c.obj
[5/22] Building C object esp-idf/storage/CMakeFiles/__idf_storage.dir/prism_parser.c.obj
[6/22] Building C object esp-idf/playback/CMakeFiles/__idf_playback.dir/prism_temporal_runtime.c.obj
[7/22] Building C object esp-idf/tests/CMakeFiles/__idf_tests.dir/test_temporal_shapes.c.obj
[8/22] Building C object esp-idf/playback/CMakeFiles/__idf_playback.dir/led_playback.c.obj
[9/22] Building C object esp-idf/tests/CMakeFiles/__idf_tests.dir/test_component_init.c.obj
[10/22] Building C object esp-idf/network/CMakeFiles/__idf_network.dir/protocol_parser.c.obj
In file included from /Users/spectrasynq/Workspace_Management/Software/PRISM.k1/firmware/components/storage/include/pattern_metadata.h:6,
                 from /Users/spectrasynq/Workspace_Management/Software/PRISM.k1/firmware/components/network/protocol_parser.c:19:
/Users/spectrasynq/Workspace_Management/Software/PRISM.k1/firmware/components/network/protocol_parser.c: In function 'validate_motion_tlv':
/Users/spectrasynq/Workspace_Management/Software/PRISM.k1/firmware/components/playback/include/prism_motion.h:32:43: warning: comparison is always true due to limited range of data type [-Wtype-limits]
   32 | #define PRISM_MOTION_IS_VALID(dir) ((dir) >= PRISM_MOTION_LEFT && (dir) < PRISM_MOTION_COUNT)
      |                                           ^~
/Users/spectrasynq/Workspace_Management/Software/PRISM.k1/firmware/components/network/protocol_parser.c:37:12: note: in expansion of macro 'PRISM_MOTION_IS_VALID'
   37 |     return PRISM_MOTION_IS_VALID(motion_value);
      |            ^~~~~~~~~~~~~~~~~~~~~
/Users/spectrasynq/Workspace_Management/Software/PRISM.k1/firmware/components/network/protocol_parser.c: In function 'validate_sync_tlv':
/Users/spectrasynq/Workspace_Management/Software/PRISM.k1/firmware/components/playback/include/prism_motion.h:33:44: warning: comparison is always true due to limited range of data type [-Wtype-limits]
   33 | #define PRISM_SYNC_IS_VALID(mode)  ((mode) >= PRISM_SYNC_SYNC && (mode) < PRISM_SYNC_COUNT)
      |                                            ^~
/Users/spectrasynq/Workspace_Management/Software/PRISM.k1/firmware/components/network/protocol_parser.c:42:12: note: in expansion of macro 'PRISM_SYNC_IS_VALID'
   42 |     return PRISM_SYNC_IS_VALID(sync_value);
      |            ^~~~~~~~~~~~~~~~~~~
/Users/spectrasynq/Workspace_Management/Software/PRISM.k1/firmware/components/network/protocol_parser.c: At top level:
/Users/spectrasynq/Workspace_Management/Software/PRISM.k1/firmware/components/network/protocol_parser.c:40:13: warning: 'validate_sync_tlv' defined but not used [-Wunused-function]
   40 | static bool validate_sync_tlv(uint8_t sync_value)
      |             ^~~~~~~~~~~~~~~~~
/Users/spectrasynq/Workspace_Management/Software/PRISM.k1/firmware/components/network/protocol_parser.c:35:13: warning: 'validate_motion_tlv' defined but not used [-Wunused-function]
   35 | static bool validate_motion_tlv(uint8_t motion_value)
      |             ^~~~~~~~~~~~~~~~~~~
[11/22] Performing build step for 'bootloader'
[0/1] Re-running CMake...
-- Minimal build - OFF
-- Building ESP-IDF components for target esp32s3
-- ESP-TEE is currently supported only on the esp32c6;esp32h2;esp32c5 SoCs
-- Project sdkconfig file /Users/spectrasynq/Workspace_Management/Software/PRISM.k1/firmware/sdkconfig
info: Default value for ESP_PERIPH_CTRL_FUNC_IN_IRAM in sdkconfig is y but it is n according to Kconfig.
Using default value from sdkconfig (y).
info: Default value for GDMA_CTRL_FUNC_IN_IRAM in sdkconfig is y but it is n according to Kconfig.
Using default value from sdkconfig (y).
Configuration Report                                                            
 ────────────────────────────────────────────────────────────────────────────── 
   Parser Version: 1                                                            
   Verbosity: default                                                           
   Defaults policy: sdkconfig                                                   
   Status: Finished with notifications                                          
                                                                                
  Miscellaneous                                                                 
   ──────────────────────────────────────────────────────────────────────────   
    * Trying to set symbol PARTITION_TABLE_SINGLE_APP to n, but it is           
    currently selected by choice PARTITION_TABLE_TYPE. For setting it to n,     
    set another choice symbol to y instead.                                     
    * Trying to set symbol ESPTOOLPY_FLASHSIZE_2MB to n, but it is currently    
    selected by choice ESPTOOLPY_FLASHSIZE. For setting it to n, set another    
    choice symbol to y instead.                                                 
    * Trying to set symbol COMPILER_OPTIMIZATION_DEBUG to n, but it is          
    currently selected by choice COMPILER_OPTIMIZATION. For setting it to n,    
    set another choice symbol to y instead.                                     
   ──────────────────────────────────────────────────────────────────────────   
  Default Value Mismatch                                                        
   ──────────────────────────────────────────────────────────────────────────   
    Using sdkconfig default values                                              
    Choice symbols with different default selection between sdkconfig and       
    Kconfig                                                                     
    LIBC_STDIN_LINE_ENDING: Kconfig default selection: choice deselected,       
    sdkconfig default selection: LIBC_STDIN_LINE_ENDING_CR                      
    LIBC_STDOUT_LINE_ENDING: Kconfig default selection: choice                  
    deselected, sdkconfig default selection: LIBC_STDOUT_LINE_ENDING_CRLF       
   ──────────────────────────────────────────────────────────────────────────   
 ────────────────────────────────────────────────────────────────────────────── 
-- Compiler supported targets: xtensa-esp-elf
-- Adding linker script /Users/spectrasynq/esp/esp-idf/components/soc/esp32s3/ld/esp32s3.peripherals.ld
-- Bootloader project name: "bootloader" version: 1
-- Adding linker script /Users/spectrasynq/esp/esp-idf/components/esp_rom/esp32s3/ld/esp32s3.rom.ld
-- Adding linker script /Users/spectrasynq/esp/esp-idf/components/esp_rom/esp32s3/ld/esp32s3.rom.api.ld
-- Adding linker script /Users/spectrasynq/esp/esp-idf/components/esp_rom/esp32s3/ld/esp32s3.rom.bt_funcs.ld
-- Adding linker script /Users/spectrasynq/esp/esp-idf/components/esp_rom/esp32s3/ld/esp32s3.rom.libgcc.ld
-- Adding linker script /Users/spectrasynq/esp/esp-idf/components/esp_rom/esp32s3/ld/esp32s3.rom.wdt.ld
-- Adding linker script /Users/spectrasynq/esp/esp-idf/components/esp_rom/esp32s3/ld/esp32s3.rom.version.ld
-- Adding linker script /Users/spectrasynq/esp/esp-idf/components/esp_rom/esp32s3/ld/esp32s3.rom.libc.ld
-- Adding linker script /Users/spectrasynq/esp/esp-idf/components/esp_rom/esp32s3/ld/esp32s3.rom.newlib.ld
-- Adding linker script /Users/spectrasynq/esp/esp-idf/components/bootloader/subproject/main/ld/esp32s3/bootloader.rom.ld
-- Components: bootloader bootloader_support efuse esp_app_format esp_bootloader_format esp_common esp_hw_support esp_libc esp_rom esp_system esptool_py freertos hal log main micro-ecc partition_table soc spi_flash xtensa
-- Component paths: /Users/spectrasynq/esp/esp-idf/components/bootloader /Users/spectrasynq/esp/esp-idf/components/bootloader_support /Users/spectrasynq/esp/esp-idf/components/efuse /Users/spectrasynq/esp/esp-idf/components/esp_app_format /Users/spectrasynq/esp/esp-idf/components/esp_bootloader_format /Users/spectrasynq/esp/esp-idf/components/esp_common /Users/spectrasynq/esp/esp-idf/components/esp_hw_support /Users/spectrasynq/esp/esp-idf/components/esp_libc /Users/spectrasynq/esp/esp-idf/components/esp_rom /Users/spectrasynq/esp/esp-idf/components/esp_system /Users/spectrasynq/esp/esp-idf/components/esptool_py /Users/spectrasynq/esp/esp-idf/components/freertos /Users/spectrasynq/esp/esp-idf/components/hal /Users/spectrasynq/esp/esp-idf/components/log /Users/spectrasynq/esp/esp-idf/components/bootloader/subproject/main /Users/spectrasynq/esp/esp-idf/components/bootloader/subproject/components/micro-ecc /Users/spectrasynq/esp/esp-idf/components/partition_table /Users/spectrasynq/esp/esp-idf/components/soc /Users/spectrasynq/esp/esp-idf/components/spi_flash /Users/spectrasynq/esp/esp-idf/components/xtensa
-- Adding linker script /Users/spectrasynq/esp/esp-idf/components/bootloader/subproject/main/ld/esp32s3/bootloader.ld
-- Configuring done (2.0s)
-- Generating done (0.0s)
-- Build files have been written to: /Users/spectrasynq/Workspace_Management/Software/PRISM.k1/firmware/build/bootloader
[1/2] cd /Users/spectrasynq/Workspace_Management/Software/PRISM.k1/firmware/build/bootloader && /Users/spectrasynq/.espressif/python_env/idf6.0_py3.11_env/bin/python /Users/spectrasynq/esp/esp-idf/components/partition_table/check_sizes.py --offset 0x8000 bootloader 0x0 /Users/spectrasynq/Workspace_Management/Software/PRISM.k1/firmware/build/bootloader/bootloader.bin
Bootloader binary size 0x5880 bytes. 0x2780 bytes (31%) free.
ninja: build stopped: subcommand failed.
[0;33mCompilation failed because prism_temporal.h (in "playback" component) includes pattern_metadata.h, provided by storage component(s).
However, storage component(s) is not in the requirements list of "playback".
To fix this, add storage to REQUIRES list of idf_component_register call in /Users/spectrasynq/Workspace_Management/Software/PRISM.k1/firmware/components/playback/CMakeLists.txt.[0m
ninja failed with exit code 1, output of the command is in the /Users/spectrasynq/Workspace_Management/Software/PRISM.k1/firmware/build/log/idf_py_stderr_output_97580 and /Users/spectrasynq/Workspace_Management/Software/PRISM.k1/firmware/build/log/idf_py_stdout_output_97580
