Executing action: all (aliases: build)
Running ninja in directory /Users/spectrasynq/Workspace_Management/Software/PRISM.k1/firmware/build
Executing "ninja all"...
[1/7] Performing build step for 'bootloader'
[1/1] cd /Users/spectrasynq/Workspace_Management/Software/PRISM.k1/firmware/build/bootloader && /Users/spectrasynq/.espressif/python_env/idf6.0_py3.11_env/bin/python /Users/spectrasynq/esp/esp-idf/components/partition_table/check_sizes.py --offset 0x8000 bootloader 0x0 /Users/spectrasynq/Workspace_Management/Software/PRISM.k1/firmware/build/bootloader/bootloader.bin
Bootloader binary size 0x5880 bytes. 0x2780 bytes (31%) free.
[2/7] No install step for 'bootloader'
[3/7] Completed 'bootloader'
[4/7] Generating esp-idf/esp_system/ld/sections.ld
[5/7] Linking CXX executable prism-k1.elf
[6/7] Generating binary image from built executable
Warning: Deprecated: Option '--flash_mode' is deprecated. Use '--flash-mode' instead.
Warning: Deprecated: Option '--flash_freq' is deprecated. Use '--flash-freq' instead.
Warning: Deprecated: Option '--flash_size' is deprecated. Use '--flash-size' instead.
esptool v5.1.0
Creating ESP32S3 image...
Merged 2 ELF sections.
Successfully created ESP32S3 image.
Generated /Users/spectrasynq/Workspace_Management/Software/PRISM.k1/firmware/build/prism-k1.bin
[7/7] cd /Users/spectrasynq/Workspace_Management/Software/PRISM.k1/firmware/build && /Users/spectrasynq/.espressif/python_env/idf6.0_py3.11_env/bin/python /Users/spectrasynq/esp/esp-idf/components/partition_table/check_sizes.py --offset 0x8000 partition --type app /Users/spectrasynq/Workspace_Management/Software/PRISM.k1/firmware/build/partition_table/partition-table.bin /Users/spectrasynq/Workspace_Management/Software/PRISM.k1/firmware/build/prism-k1.bin
prism-k1.bin binary size 0xe10e0 bytes. Smallest app partition is 0x180000 bytes. 0x9ef20 bytes (41%) free.

Project build complete. To flash, run:
 idf.py flash
or
 idf.py -p PORT flash
or
 python -m esptool --chip esp32s3 -b 460800 --before default_reset --after hard_reset write_flash --flash_mode dio --flash_size 8MB --flash_freq 80m 0x0 build/bootloader/bootloader.bin 0x8000 build/partition_table/partition-table.bin 0xf000 build/ota_data_initial.bin 0x20000 build/prism-k1.bin
or from the "/Users/spectrasynq/Workspace_Management/Software/PRISM.k1/firmware/build" directory
 python -m esptool --chip esp32s3 -b 460800 --before default_reset --after hard_reset write_flash "@flash_args"
